c:\users\kimhi\source\screenmanager\screenmanager\x64\debug\vc143.pdb
c:\users\kimhi\source\screenmanager\screenmanager\x64\debug\vc143.idb
c:\users\kimhi\source\screenmanager\screenmanager\x64\debug\screen.obj
c:\users\kimhi\source\screenmanager\screenmanager\x64\debug\main.obj
c:\users\kimhi\source\screenmanager\screenmanager\x64\debug\tetrisloop.obj
c:\users\kimhi\source\screenmanager\screenmanager\x64\debug\position.obj
c:\users\kimhi\source\screenmanager\screenmanager\x64\debug\grid.obj
c:\users\kimhi\source\screenmanager\screenmanager\x64\debug\game.obj
c:\users\kimhi\source\screenmanager\screenmanager\x64\debug\colors.obj
c:\users\kimhi\source\screenmanager\screenmanager\x64\debug\blocks.obj
c:\users\kimhi\source\screenmanager\screenmanager\x64\debug\block.obj
c:\users\kimhi\source\screenmanager\screenmanager\x64\debug\snake.obj
c:\users\kimhi\source\screenmanager\screenmanager\x64\debug\setting.obj
c:\users\kimhi\source\screenmanager\screenmanager\x64\debug\food.obj
c:\users\kimhi\source\screenmanager\screenmanager\x64\debug\button.obj
c:\users\kimhi\source\screenmanager\screenmanager\x64\debug\snakeloop.obj
c:\users\kimhi\source\screenmanager\x64\debug\screenmanager.exe
c:\users\kimhi\source\screenmanager\x64\debug\screenmanager.pdb
c:\users\kimhi\source\screenmanager\x64\debug\raylib.dll
c:\users\kimhi\source\screenmanager\x64\debug\glfw3.dll
c:\users\kimhi\source\screenmanager\screenmanager\x64\debug\screenmanager.ilk
c:\users\kimhi\source\screenmanager\screenmanager\x64\debug\main.obj.enc
c:\users\kimhi\source\screenmanager\screenmanager\x64\debug\screenmanager.tlog\cl.command.1.tlog
c:\users\kimhi\source\screenmanager\screenmanager\x64\debug\screenmanager.tlog\cl.items.tlog
c:\users\kimhi\source\screenmanager\screenmanager\x64\debug\screenmanager.tlog\cl.read.1.tlog
c:\users\kimhi\source\screenmanager\screenmanager\x64\debug\screenmanager.tlog\cl.write.1.tlog
c:\users\kimhi\source\screenmanager\screenmanager\x64\debug\screenmanager.tlog\link.command.1.tlog
c:\users\kimhi\source\screenmanager\screenmanager\x64\debug\screenmanager.tlog\link.read.1.tlog
c:\users\kimhi\source\screenmanager\screenmanager\x64\debug\screenmanager.tlog\link.secondary.1.tlog
c:\users\kimhi\source\screenmanager\screenmanager\x64\debug\screenmanager.tlog\link.write.1.tlog
c:\users\kimhi\source\screenmanager\screenmanager\x64\debug\screenmanager.tlog\screenmanager.write.1u.tlog
